Copyright 1986-2022 Xilinx, Inc. All Rights Reserved. Copyright 2022-2025 Advanced Micro Devices, Inc. All Rights Reserved.
--------------------------------------------------------------------------------------------------------------------------------------------------------------------------------------------------
| Tool Version : Vivado v.2025.2 (win64) Build 6299465 Fri Nov 14 19:35:11 GMT 2025
| Date         : Tue May 26 19:04:34 2026
| Host         : DESKTOP-CQ5O7VM running 64-bit major release  (build 9200)
| Command      : report_methodology -file Processor_Controller_methodology_drc_routed.rpt -pb Processor_Controller_methodology_drc_routed.pb -rpx Processor_Controller_methodology_drc_routed.rpx
| Design       : Processor_Controller
| Device       : xc7a35tcpg236-1
| Speed File   : -1
| Design State : Fully Routed
--------------------------------------------------------------------------------------------------------------------------------------------------------------------------------------------------

Report Methodology

Table of Contents
-----------------
1. REPORT SUMMARY
2. REPORT DETAILS

1. REPORT SUMMARY
-----------------
            Netlist: netlist
          Floorplan: design_1
      Design limits: <entire design considered>
             Max checks: <unlimited>
             Checks found: 67
+----------+----------+------------------------------------------+--------+
| Rule     | Severity | Description                              | Checks |
+----------+----------+------------------------------------------+--------+
| DPIR-1   | Warning  | Asynchronous driver check                | 20     |
| SYNTH-10 | Warning  | Wide multiplier                          | 16     |
| XDCH-2   | Warning  | Same min and max delay values on IO port | 31     |
+----------+----------+------------------------------------------+--------+

2. REPORT DETAILS
-----------------
DPIR-1#1 Warning
Asynchronous driver check  
DSP MMU_CPU/MMU_ALU/ret32__3 input pin MMU_CPU/MMU_ALU/ret32__3/B[0] is connected to registers with an asynchronous reset. This is preventing the possibility of merging these registers in to the DSP Block since the DSP block registers only possess synchronous reset capability.  It is suggested to recode or change these registers to remove the reset or use a synchronous reset to get the best optimization for performance, power and area.
Related violations: <none>

DPIR-1#2 Warning
Asynchronous driver check  
DSP MMU_CPU/MMU_ALU/ret32__3 input pin MMU_CPU/MMU_ALU/ret32__3/B[1] is connected to registers with an asynchronous reset. This is preventing the possibility of merging these registers in to the DSP Block since the DSP block registers only possess synchronous reset capability.  It is suggested to recode or change these registers to remove the reset or use a synchronous reset to get the best optimization for performance, power and area.
Related violations: <none>

DPIR-1#3 Warning
Asynchronous driver check  
DSP MMU_CPU/MMU_ALU/ret32__3 input pin MMU_CPU/MMU_ALU/ret32__3/B[2] is connected to registers with an asynchronous reset. This is preventing the possibility of merging these registers in to the DSP Block since the DSP block registers only possess synchronous reset capability.  It is suggested to recode or change these registers to remove the reset or use a synchronous reset to get the best optimization for performance, power and area.
Related violations: <none>

DPIR-1#4 Warning
Asynchronous driver check  
DSP MMU_CPU/MMU_ALU/ret32__3 input pin MMU_CPU/MMU_ALU/ret32__3/B[3] is connected to registers with an asynchronous reset. This is preventing the possibility of merging these registers in to the DSP Block since the DSP block registers only possess synchronous reset capability.  It is suggested to recode or change these registers to remove the reset or use a synchronous reset to get the best optimization for performance, power and area.
Related violations: <none>

DPIR-1#5 Warning
Asynchronous driver check  
DSP MMU_CPU/MMU_ALU/ret32__3 input pin MMU_CPU/MMU_ALU/ret32__3/B[4] is connected to registers with an asynchronous reset. This is preventing the possibility of merging these registers in to the DSP Block since the DSP block registers only possess synchronous reset capability.  It is suggested to recode or change these registers to remove the reset or use a synchronous reset to get the best optimization for performance, power and area.
Related violations: <none>

DPIR-1#6 Warning
Asynchronous driver check  
DSP MMU_CPU/MMU_ALU/ret32__4 input pin MMU_CPU/MMU_ALU/ret32__4/B[0] is connected to registers with an asynchronous reset. This is preventing the possibility of merging these registers in to the DSP Block since the DSP block registers only possess synchronous reset capability.  It is suggested to recode or change these registers to remove the reset or use a synchronous reset to get the best optimization for performance, power and area.
Related violations: <none>

DPIR-1#7 Warning
Asynchronous driver check  
DSP MMU_CPU/MMU_ALU/ret32__4 input pin MMU_CPU/MMU_ALU/ret32__4/B[1] is connected to registers with an asynchronous reset. This is preventing the possibility of merging these registers in to the DSP Block since the DSP block registers only possess synchronous reset capability.  It is suggested to recode or change these registers to remove the reset or use a synchronous reset to get the best optimization for performance, power and area.
Related violations: <none>

DPIR-1#8 Warning
Asynchronous driver check  
DSP MMU_CPU/MMU_ALU/ret32__4 input pin MMU_CPU/MMU_ALU/ret32__4/B[2] is connected to registers with an asynchronous reset. This is preventing the possibility of merging these registers in to the DSP Block since the DSP block registers only possess synchronous reset capability.  It is suggested to recode or change these registers to remove the reset or use a synchronous reset to get the best optimization for performance, power and area.
Related violations: <none>

DPIR-1#9 Warning
Asynchronous driver check  
DSP MMU_CPU/MMU_ALU/ret32__4 input pin MMU_CPU/MMU_ALU/ret32__4/B[3] is connected to registers with an asynchronous reset. This is preventing the possibility of merging these registers in to the DSP Block since the DSP block registers only possess synchronous reset capability.  It is suggested to recode or change these registers to remove the reset or use a synchronous reset to get the best optimization for performance, power and area.
Related violations: <none>

DPIR-1#10 Warning
Asynchronous driver check  
DSP MMU_CPU/MMU_ALU/ret32__4 input pin MMU_CPU/MMU_ALU/ret32__4/B[4] is connected to registers with an asynchronous reset. This is preventing the possibility of merging these registers in to the DSP Block since the DSP block registers only possess synchronous reset capability.  It is suggested to recode or change these registers to remove the reset or use a synchronous reset to get the best optimization for performance, power and area.
Related violations: <none>

DPIR-1#11 Warning
Asynchronous driver check  
DSP MMU_CPU/MMU_ALU/ret32__5 input pin MMU_CPU/MMU_ALU/ret32__5/B[0] is connected to registers with an asynchronous reset. This is preventing the possibility of merging these registers in to the DSP Block since the DSP block registers only possess synchronous reset capability.  It is suggested to recode or change these registers to remove the reset or use a synchronous reset to get the best optimization for performance, power and area.
Related violations: <none>

DPIR-1#12 Warning
Asynchronous driver check  
DSP MMU_CPU/MMU_ALU/ret32__5 input pin MMU_CPU/MMU_ALU/ret32__5/B[1] is connected to registers with an asynchronous reset. This is preventing the possibility of merging these registers in to the DSP Block since the DSP block registers only possess synchronous reset capability.  It is suggested to recode or change these registers to remove the reset or use a synchronous reset to get the best optimization for performance, power and area.
Related violations: <none>

DPIR-1#13 Warning
Asynchronous driver check  
DSP MMU_CPU/MMU_ALU/ret32__5 input pin MMU_CPU/MMU_ALU/ret32__5/B[2] is connected to registers with an asynchronous reset. This is preventing the possibility of merging these registers in to the DSP Block since the DSP block registers only possess synchronous reset capability.  It is suggested to recode or change these registers to remove the reset or use a synchronous reset to get the best optimization for performance, power and area.
Related violations: <none>

DPIR-1#14 Warning
Asynchronous driver check  
DSP MMU_CPU/MMU_ALU/ret32__5 input pin MMU_CPU/MMU_ALU/ret32__5/B[3] is connected to registers with an asynchronous reset. This is preventing the possibility of merging these registers in to the DSP Block since the DSP block registers only possess synchronous reset capability.  It is suggested to recode or change these registers to remove the reset or use a synchronous reset to get the best optimization for performance, power and area.
Related violations: <none>

DPIR-1#15 Warning
Asynchronous driver check  
DSP MMU_CPU/MMU_ALU/ret32__5 input pin MMU_CPU/MMU_ALU/ret32__5/B[4] is connected to registers with an asynchronous reset. This is preventing the possibility of merging these registers in to the DSP Block since the DSP block registers only possess synchronous reset capability.  It is suggested to recode or change these registers to remove the reset or use a synchronous reset to get the best optimization for performance, power and area.
Related violations: <none>

DPIR-1#16 Warning
Asynchronous driver check  
DSP MMU_CPU/MMU_ALU/ret32__6 input pin MMU_CPU/MMU_ALU/ret32__6/B[0] is connected to registers with an asynchronous reset. This is preventing the possibility of merging these registers in to the DSP Block since the DSP block registers only possess synchronous reset capability.  It is suggested to recode or change these registers to remove the reset or use a synchronous reset to get the best optimization for performance, power and area.
Related violations: <none>

DPIR-1#17 Warning
Asynchronous driver check  
DSP MMU_CPU/MMU_ALU/ret32__6 input pin MMU_CPU/MMU_ALU/ret32__6/B[1] is connected to registers with an asynchronous reset. This is preventing the possibility of merging these registers in to the DSP Block since the DSP block registers only possess synchronous reset capability.  It is suggested to recode or change these registers to remove the reset or use a synchronous reset to get the best optimization for performance, power and area.
Related violations: <none>

DPIR-1#18 Warning
Asynchronous driver check  
DSP MMU_CPU/MMU_ALU/ret32__6 input pin MMU_CPU/MMU_ALU/ret32__6/B[2] is connected to registers with an asynchronous reset. This is preventing the possibility of merging these registers in to the DSP Block since the DSP block registers only possess synchronous reset capability.  It is suggested to recode or change these registers to remove the reset or use a synchronous reset to get the best optimization for performance, power and area.
Related violations: <none>

DPIR-1#19 Warning
Asynchronous driver check  
DSP MMU_CPU/MMU_ALU/ret32__6 input pin MMU_CPU/MMU_ALU/ret32__6/B[3] is connected to registers with an asynchronous reset. This is preventing the possibility of merging these registers in to the DSP Block since the DSP block registers only possess synchronous reset capability.  It is suggested to recode or change these registers to remove the reset or use a synchronous reset to get the best optimization for performance, power and area.
Related violations: <none>

DPIR-1#20 Warning
Asynchronous driver check  
DSP MMU_CPU/MMU_ALU/ret32__6 input pin MMU_CPU/MMU_ALU/ret32__6/B[4] is connected to registers with an asynchronous reset. This is preventing the possibility of merging these registers in to the DSP Block since the DSP block registers only possess synchronous reset capability.  It is suggested to recode or change these registers to remove the reset or use a synchronous reset to get the best optimization for performance, power and area.
Related violations: <none>

SYNTH-10#1 Warning
Wide multiplier  
Detected multiplier at MMU_CPU/MMU_ALU/ret64 of size 15x18, it is decomposed from a wide multipler into 4 DSP blocks.
Related violations: <none>

SYNTH-10#2 Warning
Wide multiplier  
Detected multiplier at MMU_CPU/MMU_ALU/ret64__0 of size 15x15, it is decomposed from a wide multipler into 4 DSP blocks.
Related violations: <none>

SYNTH-10#3 Warning
Wide multiplier  
Detected multiplier at MMU_CPU/MMU_ALU/ret64__1 of size 18x18, it is decomposed from a wide multipler into 4 DSP blocks.
Related violations: <none>

SYNTH-10#4 Warning
Wide multiplier  
Detected multiplier at MMU_CPU/MMU_ALU/ret64__10 of size 18x15, it is decomposed from a wide multipler into 4 DSP blocks.
Related violations: <none>

SYNTH-10#5 Warning
Wide multiplier  
Detected multiplier at MMU_CPU/MMU_ALU/ret64__11 of size 15x18, it is decomposed from a wide multipler into 4 DSP blocks.
Related violations: <none>

SYNTH-10#6 Warning
Wide multiplier  
Detected multiplier at MMU_CPU/MMU_ALU/ret64__12 of size 15x15, it is decomposed from a wide multipler into 4 DSP blocks.
Related violations: <none>

SYNTH-10#7 Warning
Wide multiplier  
Detected multiplier at MMU_CPU/MMU_ALU/ret64__13 of size 18x18, it is decomposed from a wide multipler into 4 DSP blocks.
Related violations: <none>

SYNTH-10#8 Warning
Wide multiplier  
Detected multiplier at MMU_CPU/MMU_ALU/ret64__14 of size 18x15, it is decomposed from a wide multipler into 4 DSP blocks.
Related violations: <none>

SYNTH-10#9 Warning
Wide multiplier  
Detected multiplier at MMU_CPU/MMU_ALU/ret64__2 of size 18x15, it is decomposed from a wide multipler into 4 DSP blocks.
Related violations: <none>

SYNTH-10#10 Warning
Wide multiplier  
Detected multiplier at MMU_CPU/MMU_ALU/ret64__3 of size 15x18, it is decomposed from a wide multipler into 4 DSP blocks.
Related violations: <none>

SYNTH-10#11 Warning
Wide multiplier  
Detected multiplier at MMU_CPU/MMU_ALU/ret64__4 of size 15x15, it is decomposed from a wide multipler into 4 DSP blocks.
Related violations: <none>

SYNTH-10#12 Warning
Wide multiplier  
Detected multiplier at MMU_CPU/MMU_ALU/ret64__5 of size 18x18, it is decomposed from a wide multipler into 4 DSP blocks.
Related violations: <none>

SYNTH-10#13 Warning
Wide multiplier  
Detected multiplier at MMU_CPU/MMU_ALU/ret64__6 of size 18x15, it is decomposed from a wide multipler into 4 DSP blocks.
Related violations: <none>

SYNTH-10#14 Warning
Wide multiplier  
Detected multiplier at MMU_CPU/MMU_ALU/ret64__7 of size 15x18, it is decomposed from a wide multipler into 4 DSP blocks.
Related violations: <none>

SYNTH-10#15 Warning
Wide multiplier  
Detected multiplier at MMU_CPU/MMU_ALU/ret64__8 of size 15x15, it is decomposed from a wide multipler into 4 DSP blocks.
Related violations: <none>

SYNTH-10#16 Warning
Wide multiplier  
Detected multiplier at MMU_CPU/MMU_ALU/ret64__9 of size 18x18, it is decomposed from a wide multipler into 4 DSP blocks.
Related violations: <none>

XDCH-2#1 Warning
Same min and max delay values on IO port  
The same input delay of 0.000 ns has been defined on port 'enable' relative to clock sys_clk for both max and min. Make sure this reflects the design intent.
set_input_delay -clock sys_clk 0.000 [get_ports enable]
C:/Users/Jin/Documents/Github/Pipelined-SIMD-Multimedia-Processor/rtl/mmu_simple_v2/Multimedia_Processor_Unit_VHDL/constraints.xdc (Line: 100)
Related violations: <none>

XDCH-2#2 Warning
Same min and max delay values on IO port  
The same input delay of 0.000 ns has been defined on port 'reg_pos[0]' relative to clock sys_clk for both max and min. Make sure this reflects the design intent.
set_input_delay -clock sys_clk 0.000 [get_ports {reg_pos[*]}]
C:/Users/Jin/Documents/Github/Pipelined-SIMD-Multimedia-Processor/rtl/mmu_simple_v2/Multimedia_Processor_Unit_VHDL/constraints.xdc (Line: 102)
Related violations: <none>

XDCH-2#3 Warning
Same min and max delay values on IO port  
The same input delay of 0.000 ns has been defined on port 'reg_pos[1]' relative to clock sys_clk for both max and min. Make sure this reflects the design intent.
set_input_delay -clock sys_clk 0.000 [get_ports {reg_pos[*]}]
C:/Users/Jin/Documents/Github/Pipelined-SIMD-Multimedia-Processor/rtl/mmu_simple_v2/Multimedia_Processor_Unit_VHDL/constraints.xdc (Line: 102)
Related violations: <none>

XDCH-2#4 Warning
Same min and max delay values on IO port  
The same input delay of 0.000 ns has been defined on port 'reg_pos[2]' relative to clock sys_clk for both max and min. Make sure this reflects the design intent.
set_input_delay -clock sys_clk 0.000 [get_ports {reg_pos[*]}]
C:/Users/Jin/Documents/Github/Pipelined-SIMD-Multimedia-Processor/rtl/mmu_simple_v2/Multimedia_Processor_Unit_VHDL/constraints.xdc (Line: 102)
Related violations: <none>

XDCH-2#5 Warning
Same min and max delay values on IO port  
The same input delay of 0.000 ns has been defined on port 'reg_pos[3]' relative to clock sys_clk for both max and min. Make sure this reflects the design intent.
set_input_delay -clock sys_clk 0.000 [get_ports {reg_pos[*]}]
C:/Users/Jin/Documents/Github/Pipelined-SIMD-Multimedia-Processor/rtl/mmu_simple_v2/Multimedia_Processor_Unit_VHDL/constraints.xdc (Line: 102)
Related violations: <none>

XDCH-2#6 Warning
Same min and max delay values on IO port  
The same input delay of 0.000 ns has been defined on port 'reg_pos[4]' relative to clock sys_clk for both max and min. Make sure this reflects the design intent.
set_input_delay -clock sys_clk 0.000 [get_ports {reg_pos[*]}]
C:/Users/Jin/Documents/Github/Pipelined-SIMD-Multimedia-Processor/rtl/mmu_simple_v2/Multimedia_Processor_Unit_VHDL/constraints.xdc (Line: 102)
Related violations: <none>

XDCH-2#7 Warning
Same min and max delay values on IO port  
The same input delay of 0.000 ns has been defined on port 'reg_pos[5]' relative to clock sys_clk for both max and min. Make sure this reflects the design intent.
set_input_delay -clock sys_clk 0.000 [get_ports {reg_pos[*]}]
C:/Users/Jin/Documents/Github/Pipelined-SIMD-Multimedia-Processor/rtl/mmu_simple_v2/Multimedia_Processor_Unit_VHDL/constraints.xdc (Line: 102)
Related violations: <none>

XDCH-2#8 Warning
Same min and max delay values on IO port  
The same input delay of 0.000 ns has been defined on port 'reg_pos[6]' relative to clock sys_clk for both max and min. Make sure this reflects the design intent.
set_input_delay -clock sys_clk 0.000 [get_ports {reg_pos[*]}]
C:/Users/Jin/Documents/Github/Pipelined-SIMD-Multimedia-Processor/rtl/mmu_simple_v2/Multimedia_Processor_Unit_VHDL/constraints.xdc (Line: 102)
Related violations: <none>

XDCH-2#9 Warning
Same min and max delay values on IO port  
The same input delay of 0.000 ns has been defined on port 'reg_pos[7]' relative to clock sys_clk for both max and min. Make sure this reflects the design intent.
set_input_delay -clock sys_clk 0.000 [get_ports {reg_pos[*]}]
C:/Users/Jin/Documents/Github/Pipelined-SIMD-Multimedia-Processor/rtl/mmu_simple_v2/Multimedia_Processor_Unit_VHDL/constraints.xdc (Line: 102)
Related violations: <none>

XDCH-2#10 Warning
Same min and max delay values on IO port  
The same input delay of 0.000 ns has been defined on port 'reg_tog' relative to clock sys_clk for both max and min. Make sure this reflects the design intent.
set_input_delay -clock sys_clk 0.000 [get_ports reg_tog]
C:/Users/Jin/Documents/Github/Pipelined-SIMD-Multimedia-Processor/rtl/mmu_simple_v2/Multimedia_Processor_Unit_VHDL/constraints.xdc (Line: 104)
Related violations: <none>

XDCH-2#11 Warning
Same min and max delay values on IO port  
The same input delay of 0.000 ns has been defined on port 'rst_bar' relative to clock sys_clk for both max and min. Make sure this reflects the design intent.
set_input_delay -clock sys_clk 0.000 [get_ports rst_bar]
C:/Users/Jin/Documents/Github/Pipelined-SIMD-Multimedia-Processor/rtl/mmu_simple_v2/Multimedia_Processor_Unit_VHDL/constraints.xdc (Line: 101)
Related violations: <none>

XDCH-2#12 Warning
Same min and max delay values on IO port  
The same input delay of 0.000 ns has been defined on port 'rx' relative to clock sys_clk for both max and min. Make sure this reflects the design intent.
set_input_delay -clock sys_clk 0.000 [get_ports rx]
C:/Users/Jin/Documents/Github/Pipelined-SIMD-Multimedia-Processor/rtl/mmu_simple_v2/Multimedia_Processor_Unit_VHDL/constraints.xdc (Line: 103)
Related violations: <none>

XDCH-2#13 Warning
Same min and max delay values on IO port  
The same output delay of 0.000 ns has been defined on port 'cpu' relative to clock sys_clk for both max and min. Make sure this reflects the design intent.
set_output_delay -clock sys_clk 0.000 [get_ports cpu]
C:/Users/Jin/Documents/Github/Pipelined-SIMD-Multimedia-Processor/rtl/mmu_simple_v2/Multimedia_Processor_Unit_VHDL/constraints.xdc (Line: 112)
Related violations: <none>

XDCH-2#14 Warning
Same min and max delay values on IO port  
The same output delay of 0.000 ns has been defined on port 'loaded' relative to clock sys_clk for both max and min. Make sure this reflects the design intent.
set_output_delay -clock sys_clk 0.000 [get_ports loaded]
C:/Users/Jin/Documents/Github/Pipelined-SIMD-Multimedia-Processor/rtl/mmu_simple_v2/Multimedia_Processor_Unit_VHDL/constraints.xdc (Line: 111)
Related violations: <none>

XDCH-2#15 Warning
Same min and max delay values on IO port  
The same output delay of 0.000 ns has been defined on port 'reg_value[0]' relative to clock sys_clk for both max and min. Make sure this reflects the design intent.
set_output_delay -clock sys_clk 0.000 [get_ports {reg_value[*]}]
C:/Users/Jin/Documents/Github/Pipelined-SIMD-Multimedia-Processor/rtl/mmu_simple_v2/Multimedia_Processor_Unit_VHDL/constraints.xdc (Line: 109)
Related violations: <none>

XDCH-2#16 Warning
Same min and max delay values on IO port  
The same output delay of 0.000 ns has been defined on port 'reg_value[10]' relative to clock sys_clk for both max and min. Make sure this reflects the design intent.
set_output_delay -clock sys_clk 0.000 [get_ports {reg_value[*]}]
C:/Users/Jin/Documents/Github/Pipelined-SIMD-Multimedia-Processor/rtl/mmu_simple_v2/Multimedia_Processor_Unit_VHDL/constraints.xdc (Line: 109)
Related violations: <none>

XDCH-2#17 Warning
Same min and max delay values on IO port  
The same output delay of 0.000 ns has been defined on port 'reg_value[11]' relative to clock sys_clk for both max and min. Make sure this reflects the design intent.
set_output_delay -clock sys_clk 0.000 [get_ports {reg_value[*]}]
C:/Users/Jin/Documents/Github/Pipelined-SIMD-Multimedia-Processor/rtl/mmu_simple_v2/Multimedia_Processor_Unit_VHDL/constraints.xdc (Line: 109)
Related violations: <none>

XDCH-2#18 Warning
Same min and max delay values on IO port  
The same output delay of 0.000 ns has been defined on port 'reg_value[12]' relative to clock sys_clk for both max and min. Make sure this reflects the design intent.
set_output_delay -clock sys_clk 0.000 [get_ports {reg_value[*]}]
C:/Users/Jin/Documents/Github/Pipelined-SIMD-Multimedia-Processor/rtl/mmu_simple_v2/Multimedia_Processor_Unit_VHDL/constraints.xdc (Line: 109)
Related violations: <none>

XDCH-2#19 Warning
Same min and max delay values on IO port  
The same output delay of 0.000 ns has been defined on port 'reg_value[13]' relative to clock sys_clk for both max and min. Make sure this reflects the design intent.
set_output_delay -clock sys_clk 0.000 [get_ports {reg_value[*]}]
C:/Users/Jin/Documents/Github/Pipelined-SIMD-Multimedia-Processor/rtl/mmu_simple_v2/Multimedia_Processor_Unit_VHDL/constraints.xdc (Line: 109)
Related violations: <none>

XDCH-2#20 Warning
Same min and max delay values on IO port  
The same output delay of 0.000 ns has been defined on port 'reg_value[14]' relative to clock sys_clk for both max and min. Make sure this reflects the design intent.
set_output_delay -clock sys_clk 0.000 [get_ports {reg_value[*]}]
C:/Users/Jin/Documents/Github/Pipelined-SIMD-Multimedia-Processor/rtl/mmu_simple_v2/Multimedia_Processor_Unit_VHDL/constraints.xdc (Line: 109)
Related violations: <none>

XDCH-2#21 Warning
Same min and max delay values on IO port  
The same output delay of 0.000 ns has been defined on port 'reg_value[15]' relative to clock sys_clk for both max and min. Make sure this reflects the design intent.
set_output_delay -clock sys_clk 0.000 [get_ports {reg_value[*]}]
C:/Users/Jin/Documents/Github/Pipelined-SIMD-Multimedia-Processor/rtl/mmu_simple_v2/Multimedia_Processor_Unit_VHDL/constraints.xdc (Line: 109)
Related violations: <none>

XDCH-2#22 Warning
Same min and max delay values on IO port  
The same output delay of 0.000 ns has been defined on port 'reg_value[1]' relative to clock sys_clk for both max and min. Make sure this reflects the design intent.
set_output_delay -clock sys_clk 0.000 [get_ports {reg_value[*]}]
C:/Users/Jin/Documents/Github/Pipelined-SIMD-Multimedia-Processor/rtl/mmu_simple_v2/Multimedia_Processor_Unit_VHDL/constraints.xdc (Line: 109)
Related violations: <none>

XDCH-2#23 Warning
Same min and max delay values on IO port  
The same output delay of 0.000 ns has been defined on port 'reg_value[2]' relative to clock sys_clk for both max and min. Make sure this reflects the design intent.
set_output_delay -clock sys_clk 0.000 [get_ports {reg_value[*]}]
C:/Users/Jin/Documents/Github/Pipelined-SIMD-Multimedia-Processor/rtl/mmu_simple_v2/Multimedia_Processor_Unit_VHDL/constraints.xdc (Line: 109)
Related violations: <none>

XDCH-2#24 Warning
Same min and max delay values on IO port  
The same output delay of 0.000 ns has been defined on port 'reg_value[3]' relative to clock sys_clk for both max and min. Make sure this reflects the design intent.
set_output_delay -clock sys_clk 0.000 [get_ports {reg_value[*]}]
C:/Users/Jin/Documents/Github/Pipelined-SIMD-Multimedia-Processor/rtl/mmu_simple_v2/Multimedia_Processor_Unit_VHDL/constraints.xdc (Line: 109)
Related violations: <none>

XDCH-2#25 Warning
Same min and max delay values on IO port  
The same output delay of 0.000 ns has been defined on port 'reg_value[4]' relative to clock sys_clk for both max and min. Make sure this reflects the design intent.
set_output_delay -clock sys_clk 0.000 [get_ports {reg_value[*]}]
C:/Users/Jin/Documents/Github/Pipelined-SIMD-Multimedia-Processor/rtl/mmu_simple_v2/Multimedia_Processor_Unit_VHDL/constraints.xdc (Line: 109)
Related violations: <none>

XDCH-2#26 Warning
Same min and max delay values on IO port  
The same output delay of 0.000 ns has been defined on port 'reg_value[5]' relative to clock sys_clk for both max and min. Make sure this reflects the design intent.
set_output_delay -clock sys_clk 0.000 [get_ports {reg_value[*]}]
C:/Users/Jin/Documents/Github/Pipelined-SIMD-Multimedia-Processor/rtl/mmu_simple_v2/Multimedia_Processor_Unit_VHDL/constraints.xdc (Line: 109)
Related violations: <none>

XDCH-2#27 Warning
Same min and max delay values on IO port  
The same output delay of 0.000 ns has been defined on port 'reg_value[6]' relative to clock sys_clk for both max and min. Make sure this reflects the design intent.
set_output_delay -clock sys_clk 0.000 [get_ports {reg_value[*]}]
C:/Users/Jin/Documents/Github/Pipelined-SIMD-Multimedia-Processor/rtl/mmu_simple_v2/Multimedia_Processor_Unit_VHDL/constraints.xdc (Line: 109)
Related violations: <none>

XDCH-2#28 Warning
Same min and max delay values on IO port  
The same output delay of 0.000 ns has been defined on port 'reg_value[7]' relative to clock sys_clk for both max and min. Make sure this reflects the design intent.
set_output_delay -clock sys_clk 0.000 [get_ports {reg_value[*]}]
C:/Users/Jin/Documents/Github/Pipelined-SIMD-Multimedia-Processor/rtl/mmu_simple_v2/Multimedia_Processor_Unit_VHDL/constraints.xdc (Line: 109)
Related violations: <none>

XDCH-2#29 Warning
Same min and max delay values on IO port  
The same output delay of 0.000 ns has been defined on port 'reg_value[8]' relative to clock sys_clk for both max and min. Make sure this reflects the design intent.
set_output_delay -clock sys_clk 0.000 [get_ports {reg_value[*]}]
C:/Users/Jin/Documents/Github/Pipelined-SIMD-Multimedia-Processor/rtl/mmu_simple_v2/Multimedia_Processor_Unit_VHDL/constraints.xdc (Line: 109)
Related violations: <none>

XDCH-2#30 Warning
Same min and max delay values on IO port  
The same output delay of 0.000 ns has been defined on port 'reg_value[9]' relative to clock sys_clk for both max and min. Make sure this reflects the design intent.
set_output_delay -clock sys_clk 0.000 [get_ports {reg_value[*]}]
C:/Users/Jin/Documents/Github/Pipelined-SIMD-Multimedia-Processor/rtl/mmu_simple_v2/Multimedia_Processor_Unit_VHDL/constraints.xdc (Line: 109)
Related violations: <none>

XDCH-2#31 Warning
Same min and max delay values on IO port  
The same output delay of 0.000 ns has been defined on port 'uart' relative to clock sys_clk for both max and min. Make sure this reflects the design intent.
set_output_delay -clock sys_clk 0.000 [get_ports uart]
C:/Users/Jin/Documents/Github/Pipelined-SIMD-Multimedia-Processor/rtl/mmu_simple_v2/Multimedia_Processor_Unit_VHDL/constraints.xdc (Line: 110)
Related violations: <none>


